[07:33:05] axis=[ 0.499 -0.303  0.812] z_target_nm=[-0.238 -0.119  0.     0.119  0.238] sumz2=0.1416 k_eff=4248
[07:33:08] platform=OpenCL atoms=27770
[07:33:31] passes=['fwd', 'rev']
[07:54:07] [fwd] win  0 lam=-0.10 xi=-0.09 n_eng=5.0 plan=0.08 rad=25.4
[08:14:48] [fwd] win  1 lam=-0.05 xi=-0.05 n_eng=5.0 plan=0.07 rad=25.5
[08:35:28] [fwd] win  2 lam=+0.00 xi=-0.00 n_eng=5.0 plan=0.05 rad=25.5
[08:56:18] [fwd] win  3 lam=+0.06 xi=+0.05 n_eng=5.0 plan=0.05 rad=25.5
[09:17:13] [fwd] win  4 lam=+0.11 xi=+0.10 n_eng=5.0 plan=0.08 rad=25.6
[09:38:09] [fwd] win  5 lam=+0.16 xi=+0.15 n_eng=5.0 plan=0.13 rad=25.6
[09:59:07] [fwd] win  6 lam=+0.21 xi=+0.20 n_eng=5.0 plan=0.16 rad=25.7
[10:20:05] [fwd] win  7 lam=+0.27 xi=+0.25 n_eng=5.0 plan=0.20 rad=25.7
[10:41:02] [fwd] win  8 lam=+0.32 xi=+0.30 n_eng=5.0 plan=0.24 rad=25.8
[11:01:57] [fwd] win  9 lam=+0.37 xi=+0.36 n_eng=5.0 plan=0.30 rad=25.8
[11:22:53] [fwd] win 10 lam=+0.42 xi=+0.41 n_eng=4.9 plan=0.32 rad=25.7
[11:43:50] [fwd] win 11 lam=+0.47 xi=+0.45 n_eng=5.0 plan=0.36 rad=25.7
[12:04:47] [fwd] win 12 lam=+0.53 xi=+0.50 n_eng=5.0 plan=0.39 rad=25.7
[12:25:50] [fwd] win 13 lam=+0.58 xi=+0.56 n_eng=5.0 plan=0.45 rad=25.7
[12:46:57] [fwd] win 14 lam=+0.63 xi=+0.61 n_eng=4.9 plan=0.50 rad=25.7
[13:08:07] [fwd] win 15 lam=+0.68 xi=+0.66 n_eng=4.8 plan=0.52 rad=25.7
[13:29:18] [fwd] win 16 lam=+0.73 xi=+0.70 n_eng=4.9 plan=0.54 rad=25.6
[13:50:30] [fwd] win 17 lam=+0.79 xi=+0.75 n_eng=5.0 plan=0.57 rad=25.6
[14:11:39] [fwd] win 18 lam=+0.84 xi=+0.80 n_eng=4.9 plan=0.61 rad=25.6
[14:32:46] [fwd] win 19 lam=+0.89 xi=+0.86 n_eng=4.8 plan=0.68 rad=25.6
[14:54:00] [fwd] win 20 lam=+0.94 xi=+0.90 n_eng=4.8 plan=0.71 rad=25.5
[15:15:13] [fwd] win 21 lam=+1.00 xi=+0.96 n_eng=4.8 plan=0.76 rad=25.6
[15:36:27] [fwd] win 22 lam=+1.05 xi=+1.00 n_eng=4.9 plan=0.78 rad=25.5
[15:57:42] [fwd] win 23 lam=+1.10 xi=+1.05 n_eng=5.0 plan=0.83 rad=25.5
[15:57:42] saved portable end-state state_fwd_end.xml (resume seed for the opposite pass)
